<?xml version="1.0" encoding="UTF-8"?>
<!-- Generated by org.testng.reporters.JUnitXMLReporter -->
<testsuite ignored="0" hostname="DESKTOP-8C0LO3K" failures="1" tests="2" name="AdminTest" time="16.88" errors="0" timestamp="2024-03-18T21:29:22 IST">
  <testcase classname="com.obsqura.tests.AdminTest" name="createAdmin" time="3.857">
    <skipped/>
  </testcase> <!-- createAdmin -->
  <testcase classname="com.obsqura.tests.AdminTest" name="createAdmin" time="3.087">
    <failure type="java.lang.AssertionError" message="null">
      <![CDATA[java.lang.AssertionError: null
at com.obsqura.tests.AdminTest.createAdmin(AdminTest.java:26)
at java.base/java.util.ArrayList.forEach(ArrayList.java:1511)
at java.base/java.util.concurrent.FutureTask.run(FutureTask.java:264)
at java.base/java.util.concurrent.ThreadPoolExecutor.runWorker(ThreadPoolExecutor.java:1136)
at java.base/java.util.concurrent.ThreadPoolExecutor$Worker.run(ThreadPoolExecutor.java:635)
at java.base/java.lang.Thread.run(Thread.java:842)
... Removed 19 stack frames]]>
    </failure>
  </testcase> <!-- createAdmin -->
</testsuite> <!-- AdminTest -->
