<?xml version="1.0" encoding="UTF-8"?>
<!-- Generated by org.testng.reporters.JUnitXMLReporter -->
<testsuite ignored="0" hostname="DESKTOP-8C0LO3K" failures="2" tests="9" name="Test" time="43.474" errors="0" timestamp="2024-03-19T20:17:02 IST">
  <testcase classname="com.obsqura.tests.BaseTest" name="@BeforeMethod initDriver" time="2.447">
    <failure type="org.openqa.selenium.WebDriverException" message="unknown error: failed to change window state to &amp;apos;maximized&amp;apos;, current state is &amp;apos;minimized&amp;apos;
  (Session info: chrome=122.0.6261.129)
Build info: version: &amp;apos;4.17.0&amp;apos;, revision: &amp;apos;e52b1be057*&amp;apos;
System info: os.name: &amp;apos;Windows 11&amp;apos;, os.arch: &amp;apos;amd64&amp;apos;, os.version: &amp;apos;10.0&amp;apos;, java.version: &amp;apos;17.0.9&amp;apos;
Driver info: org.openqa.selenium.chrome.ChromeDriver
Command: [aa5d1d2b12ff58978d660e418f1ee690, maximizeCurrentWindow {}]
Capabilities {acceptInsecureCerts: false, browserName: chrome, browserVersion: 122.0.6261.129, chrome: {chromedriverVersion: 122.0.6261.128 (f18a44fedeb..., userDataDir: C:\Users\InfoBahn\AppData\L...}, fedcm:accounts: true, goog:chromeOptions: {debuggerAddress: localhost:65029}, networkConnectionEnabled: false, pageLoadStrategy: normal, platformName: windows, proxy: Proxy(), se:cdp: ws://localhost:65029/devtoo..., se:cdpVersion: 122.0.6261.129, setWindowRect: true, strictFileInteractability: false, timeouts: {implicit: 0, pageLoad: 300000, script: 30000}, unhandledPromptBehavior: dismiss and notify, webauthn:extension:credBlob: true, webauthn:extension:largeBlob: true, webauthn:extension:minPinLength: true, webauthn:extension:prf: true, webauthn:virtualAuthenticators: true}
Session ID: aa5d1d2b12ff58978d660e418f1ee690">
      <![CDATA[org.openqa.selenium.WebDriverException: unknown error: failed to change window state to 'maximized', current state is 'minimized'
  (Session info: chrome=122.0.6261.129)
Build info: version: '4.17.0', revision: 'e52b1be057*'
System info: os.name: 'Windows 11', os.arch: 'amd64', os.version: '10.0', java.version: '17.0.9'
Driver info: org.openqa.selenium.chrome.ChromeDriver
Command: [aa5d1d2b12ff58978d660e418f1ee690, maximizeCurrentWindow {}]
Capabilities {acceptInsecureCerts: false, browserName: chrome, browserVersion: 122.0.6261.129, chrome: {chromedriverVersion: 122.0.6261.128 (f18a44fedeb..., userDataDir: C:\Users\InfoBahn\AppData\L...}, fedcm:accounts: true, goog:chromeOptions: {debuggerAddress: localhost:65029}, networkConnectionEnabled: false, pageLoadStrategy: normal, platformName: windows, proxy: Proxy(), se:cdp: ws://localhost:65029/devtoo..., se:cdpVersion: 122.0.6261.129, setWindowRect: true, strictFileInteractability: false, timeouts: {implicit: 0, pageLoad: 300000, script: 30000}, unhandledPromptBehavior: dismiss and notify, webauthn:extension:credBlob: true, webauthn:extension:largeBlob: true, webauthn:extension:minPinLength: true, webauthn:extension:prf: true, webauthn:virtualAuthenticators: true}
Session ID: aa5d1d2b12ff58978d660e418f1ee690
at org.openqa.selenium.remote.codec.w3c.W3CHttpResponseCodec.createException(W3CHttpResponseCodec.java:185)
at org.openqa.selenium.remote.codec.w3c.W3CHttpResponseCodec.decode(W3CHttpResponseCodec.java:134)
at org.openqa.selenium.remote.codec.w3c.W3CHttpResponseCodec.decode(W3CHttpResponseCodec.java:51)
at org.openqa.selenium.remote.HttpCommandExecutor.execute(HttpCommandExecutor.java:190)
at org.openqa.selenium.remote.service.DriverCommandExecutor.invokeExecute(DriverCommandExecutor.java:216)
at org.openqa.selenium.remote.service.DriverCommandExecutor.execute(DriverCommandExecutor.java:174)
at org.openqa.selenium.remote.RemoteWebDriver.execute(RemoteWebDriver.java:519)
at org.openqa.selenium.remote.RemoteWebDriver.execute(RemoteWebDriver.java:592)
at org.openqa.selenium.remote.RemoteWebDriver.execute(RemoteWebDriver.java:596)
at org.openqa.selenium.remote.RemoteWebDriver$RemoteWebDriverOptions$RemoteWindow.maximize(RemoteWebDriver.java:1035)
at com.obsqura.tests.BaseTest.initDriver(BaseTest.java:60)
at java.base/java.util.ArrayList.forEach(ArrayList.java:1511)
... Removed 36 stack frames]]>
    </failure>
  </testcase> <!-- @BeforeMethod initDriver -->
  <testcase classname="com.obsqura.tests.ExpenseRecordTest" name="verifyUserIsAbleTocreateExpenseRecord" time="7.207"/>
  <testcase classname="com.obsqura.tests.LoginTest" name="verifyUserIsAbleToLogin" time="1.791"/>
  <testcase classname="com.obsqura.tests.CreateDeleteExpenseTest" name="verifyUserIsAbleTocreateDeleteExpense" time="3.084"/>
  <testcase classname="com.obsqura.tests.CreateDeliveryBoyTest" name="createDeliveryBoy" time="0.0">
    <skipped/>
  </testcase> <!-- createDeliveryBoy -->
  <testcase classname="com.obsqura.tests.CreateDeliveryBoyTest" name="createDeliveryBoy" time="0.0">
    <skipped/>
  </testcase> <!-- createDeliveryBoy -->
  <testcase classname="com.obsqura.tests.CreateNewsTest" name="createNews" time="2.926">
    <skipped/>
  </testcase> <!-- createNews -->
  <testcase classname="com.obsqura.tests.CreateNewsTest" name="createNews" time="2.347">
    <failure type="java.lang.AssertionError" message="expected [News Created ] but found [News Created Successfully]">
      <![CDATA[java.lang.AssertionError: expected [News Created ] but found [News Created Successfully]
at com.obsqura.tests.CreateNewsTest.createNews(CreateNewsTest.java:16)
at java.base/java.util.ArrayList.forEach(ArrayList.java:1511)
... Removed 33 stack frames]]>
    </failure>
  </testcase> <!-- createNews -->
  <testcase classname="com.obsqura.tests.AdminTest" name="createAdmin" time="2.607">
    <skipped/>
  </testcase> <!-- createAdmin -->
  <testcase classname="com.obsqura.tests.AdminTest" name="createAdmin" time="1.786">
    <failure type="java.lang.AssertionError" message="null">
      <![CDATA[java.lang.AssertionError: null
at com.obsqura.tests.AdminTest.createAdmin(AdminTest.java:26)
at java.base/java.util.ArrayList.forEach(ArrayList.java:1511)
... Removed 29 stack frames]]>
    </failure>
  </testcase> <!-- createAdmin -->
</testsuite> <!-- Test -->
