<?xml version="1.0" encoding="UTF-8"?>
<!-- Generated by org.testng.reporters.JUnitXMLReporter -->
<testsuite ignored="0" hostname="DESKTOP-8C0LO3K" failures="3" tests="10" name="Test" time="71.163" errors="0" timestamp="2024-03-20T20:20:18 IST">
  <testcase classname="com.obsqura.tests.ExpenseRecordTest" name="verifyUserIsAbleTocreateExpenseRecord" time="6.189"/>
  <testcase classname="com.obsqura.tests.LoginTest" name="verifyUserIsAbleToLogin" time="0.79"/>
  <testcase classname="com.obsqura.tests.CreateDeleteExpenseTest" name="verifyUserIsAbleTocreateDeleteExpense" time="4.507"/>
  <testcase classname="com.obsqura.tests.CreateDeliveryBoyTest" name="createDeliveryBoy" time="4.132"/>
  <testcase classname="com.obsqura.tests.CreateDeliveryBoyTest" name="createDeliveryBoy" time="5.856">
    <skipped/>
  </testcase> <!-- createDeliveryBoy -->
  <testcase classname="com.obsqura.tests.CreateDeliveryBoyTest" name="createDeliveryBoy" time="4.524">
    <failure type="org.openqa.selenium.ElementClickInterceptedException" message="element click intercepted: Element is not clickable at point (334, 789)
  (Session info: chrome=122.0.6261.129)
Build info: version: &amp;apos;4.17.0&amp;apos;, revision: &amp;apos;e52b1be057*&amp;apos;
System info: os.name: &amp;apos;Windows 11&amp;apos;, os.arch: &amp;apos;amd64&amp;apos;, os.version: &amp;apos;10.0&amp;apos;, java.version: &amp;apos;17.0.9&amp;apos;
Driver info: org.openqa.selenium.chrome.ChromeDriver
Command: [8e29a035c4f3def4f7fabb35b3b52e58, clickElement {id=f.B1E3A4775F7F8537F2CA5F9B54CFAE39.d.99F7E08278FA366CA4E9B999BDE7299D.e.39}]
Capabilities {acceptInsecureCerts: false, browserName: chrome, browserVersion: 122.0.6261.129, chrome: {chromedriverVersion: 122.0.6261.128 (f18a44fedeb..., userDataDir: C:\Users\InfoBahn\AppData\L...}, fedcm:accounts: true, goog:chromeOptions: {debuggerAddress: localhost:56816}, networkConnectionEnabled: false, pageLoadStrategy: normal, platformName: windows, proxy: Proxy(), se:cdp: ws://localhost:56816/devtoo..., se:cdpVersion: 122.0.6261.129, setWindowRect: true, strictFileInteractability: false, timeouts: {implicit: 0, pageLoad: 300000, script: 30000}, unhandledPromptBehavior: dismiss and notify, webauthn:extension:credBlob: true, webauthn:extension:largeBlob: true, webauthn:extension:minPinLength: true, webauthn:extension:prf: true, webauthn:virtualAuthenticators: true}
Element: [[ChromeDriver: chrome on windows (8e29a035c4f3def4f7fabb35b3b52e58)] -&amp;gt; name: create]
Session ID: 8e29a035c4f3def4f7fabb35b3b52e58">
      <![CDATA[org.openqa.selenium.ElementClickInterceptedException: element click intercepted: Element is not clickable at point (334, 789)
  (Session info: chrome=122.0.6261.129)
Build info: version: '4.17.0', revision: 'e52b1be057*'
System info: os.name: 'Windows 11', os.arch: 'amd64', os.version: '10.0', java.version: '17.0.9'
Driver info: org.openqa.selenium.chrome.ChromeDriver
Command: [8e29a035c4f3def4f7fabb35b3b52e58, clickElement {id=f.B1E3A4775F7F8537F2CA5F9B54CFAE39.d.99F7E08278FA366CA4E9B999BDE7299D.e.39}]
Capabilities {acceptInsecureCerts: false, browserName: chrome, browserVersion: 122.0.6261.129, chrome: {chromedriverVersion: 122.0.6261.128 (f18a44fedeb..., userDataDir: C:\Users\InfoBahn\AppData\L...}, fedcm:accounts: true, goog:chromeOptions: {debuggerAddress: localhost:56816}, networkConnectionEnabled: false, pageLoadStrategy: normal, platformName: windows, proxy: Proxy(), se:cdp: ws://localhost:56816/devtoo..., se:cdpVersion: 122.0.6261.129, setWindowRect: true, strictFileInteractability: false, timeouts: {implicit: 0, pageLoad: 300000, script: 30000}, unhandledPromptBehavior: dismiss and notify, webauthn:extension:credBlob: true, webauthn:extension:largeBlob: true, webauthn:extension:minPinLength: true, webauthn:extension:prf: true, webauthn:virtualAuthenticators: true}
Element: [[ChromeDriver: chrome on windows (8e29a035c4f3def4f7fabb35b3b52e58)] -> name: create]
Session ID: 8e29a035c4f3def4f7fabb35b3b52e58
at org.openqa.selenium.remote.codec.w3c.W3CHttpResponseCodec.createException(W3CHttpResponseCodec.java:185)
at org.openqa.selenium.remote.codec.w3c.W3CHttpResponseCodec.decode(W3CHttpResponseCodec.java:134)
at org.openqa.selenium.remote.codec.w3c.W3CHttpResponseCodec.decode(W3CHttpResponseCodec.java:51)
at org.openqa.selenium.remote.HttpCommandExecutor.execute(HttpCommandExecutor.java:190)
at org.openqa.selenium.remote.service.DriverCommandExecutor.invokeExecute(DriverCommandExecutor.java:216)
at org.openqa.selenium.remote.service.DriverCommandExecutor.execute(DriverCommandExecutor.java:174)
at org.openqa.selenium.remote.RemoteWebDriver.execute(RemoteWebDriver.java:519)
at org.openqa.selenium.remote.RemoteWebElement.execute(RemoteWebElement.java:223)
at org.openqa.selenium.remote.RemoteWebElement.click(RemoteWebElement.java:76)
at org.openqa.selenium.support.pagefactory.internal.LocatingElementHandler.invoke(LocatingElementHandler.java:51)
at jdk.proxy2/jdk.proxy2.$Proxy14.click(Unknown Source)
at com.obsqura.utils.PageActions.clickElement(PageActions.java:46)
at com.obsqura.pages.ListDeliveryBoyPage.submitDeliverBoyData(ListDeliveryBoyPage.java:40)
at com.obsqura.tests.CreateDeliveryBoyTest.createDeliveryBoy(CreateDeliveryBoyTest.java:18)
at java.base/java.util.ArrayList.forEach(ArrayList.java:1511)
... Removed 39 stack frames]]>
    </failure>
  </testcase> <!-- createDeliveryBoy -->
  <testcase classname="com.obsqura.tests.CreateNewsTest" name="createNews" time="2.898">
    <skipped/>
  </testcase> <!-- createNews -->
  <testcase classname="com.obsqura.tests.CreateNewsTest" name="createNews" time="3.082">
    <failure type="java.lang.AssertionError" message="expected [News Created ] but found [News Created Successfully]">
      <![CDATA[java.lang.AssertionError: expected [News Created ] but found [News Created Successfully]
at com.obsqura.tests.CreateNewsTest.createNews(CreateNewsTest.java:16)
at java.base/java.util.ArrayList.forEach(ArrayList.java:1511)
... Removed 37 stack frames]]>
    </failure>
  </testcase> <!-- createNews -->
  <testcase classname="com.obsqura.tests.AdminTest" name="createAdmin" time="3.857">
    <skipped/>
  </testcase> <!-- createAdmin -->
  <testcase classname="com.obsqura.tests.AdminTest" name="createAdmin" time="2.358">
    <failure type="java.lang.AssertionError" message="expected [User Created ] but found [User Created Successfully]">
      <![CDATA[java.lang.AssertionError: expected [User Created ] but found [User Created Successfully]
at com.obsqura.tests.AdminTest.createAdmin(AdminTest.java:25)
at java.base/java.util.ArrayList.forEach(ArrayList.java:1511)
... Removed 37 stack frames]]>
    </failure>
  </testcase> <!-- createAdmin -->
</testsuite> <!-- Test -->
