<?xml version="1.0" encoding="UTF-8"?>
<testng-results retried="2" ignored="0" total="9" passed="5" failed="2" skipped="0">
  <reporter-output>
  </reporter-output>
  <suite started-at="2024-03-19T20:27:31 IST" name="Suite" finished-at="2024-03-19T20:28:07 IST" duration-ms="36393">
    <groups>
      <group name="Smoke">
        <method signature="CreateNewsTest.createNews()[pri:0, instance:com.obsqura.tests.CreateNewsTest@5e3f861]" name="createNews" class="com.obsqura.tests.CreateNewsTest"/>
      </group> <!-- Smoke -->
    </groups>
    <test started-at="2024-03-19T20:27:31 IST" name="Login Test" finished-at="2024-03-19T20:27:44 IST" duration-ms="13225">
      <class name="com.obsqura.tests.LoginTest">
        <test-method is-config="true" signature="initDriver(java.lang.String)[pri:0, instance:com.obsqura.tests.LoginTest@338fc1d8]" started-at="2024-03-19T20:27:31 IST" name="initDriver" finished-at="2024-03-19T20:27:39 IST" duration-ms="8180" status="PASS">
          <params>
            <param index="0">
              <value is-null="true"/>
            </param>
          </params>
          <reporter-output>
          </reporter-output>
        </test-method> <!-- initDriver -->
        <test-method signature="verifyUserIsAbleToLogin()[pri:0, instance:com.obsqura.tests.LoginTest@338fc1d8]" started-at="2024-03-19T20:27:39 IST" name="verifyUserIsAbleToLogin" finished-at="2024-03-19T20:27:42 IST" duration-ms="2732" status="PASS">
          <reporter-output>
          </reporter-output>
        </test-method> <!-- verifyUserIsAbleToLogin -->
        <test-method is-config="true" signature="tearDown()[pri:0, instance:com.obsqura.tests.LoginTest@338fc1d8]" started-at="2024-03-19T20:27:42 IST" name="tearDown" finished-at="2024-03-19T20:27:44 IST" duration-ms="2253" status="PASS">
          <reporter-output>
          </reporter-output>
        </test-method> <!-- tearDown -->
      </class> <!-- com.obsqura.tests.LoginTest -->
    </test> <!-- Login Test -->
    <test started-at="2024-03-19T20:27:31 IST" name="CreateDeleteExpenseTest" finished-at="2024-03-19T20:27:47 IST" duration-ms="16231">
      <class name="com.obsqura.tests.CreateDeleteExpenseTest">
        <test-method is-config="true" signature="initDriver(java.lang.String)[pri:0, instance:com.obsqura.tests.CreateDeleteExpenseTest@1b66c0fb]" started-at="2024-03-19T20:27:31 IST" name="initDriver" finished-at="2024-03-19T20:27:38 IST" duration-ms="7339" status="PASS">
          <params>
            <param index="0">
              <value is-null="true"/>
            </param>
          </params>
          <reporter-output>
          </reporter-output>
        </test-method> <!-- initDriver -->
        <test-method signature="verifyUserIsAbleTocreateDeleteExpense()[pri:0, instance:com.obsqura.tests.CreateDeleteExpenseTest@1b66c0fb]" started-at="2024-03-19T20:27:38 IST" name="verifyUserIsAbleTocreateDeleteExpense" finished-at="2024-03-19T20:27:45 IST" duration-ms="7388" status="PASS">
          <reporter-output>
          </reporter-output>
        </test-method> <!-- verifyUserIsAbleTocreateDeleteExpense -->
        <test-method is-config="true" signature="tearDown()[pri:0, instance:com.obsqura.tests.CreateDeleteExpenseTest@1b66c0fb]" started-at="2024-03-19T20:27:45 IST" name="tearDown" finished-at="2024-03-19T20:27:47 IST" duration-ms="1463" status="PASS">
          <reporter-output>
          </reporter-output>
        </test-method> <!-- tearDown -->
      </class> <!-- com.obsqura.tests.CreateDeleteExpenseTest -->
    </test> <!-- CreateDeleteExpenseTest -->
    <test started-at="2024-03-19T20:27:45 IST" name="ExpenseRecordTest" finished-at="2024-03-19T20:28:06 IST" duration-ms="21368">
      <class name="com.obsqura.tests.ExpenseRecordTest">
        <test-method is-config="true" signature="initDriver(java.lang.String)[pri:0, instance:com.obsqura.tests.ExpenseRecordTest@4470fbd6]" started-at="2024-03-19T20:27:45 IST" name="initDriver" finished-at="2024-03-19T20:27:49 IST" duration-ms="4033" status="PASS">
          <params>
            <param index="0">
              <value is-null="true"/>
            </param>
          </params>
          <reporter-output>
          </reporter-output>
        </test-method> <!-- initDriver -->
        <test-method signature="verifyUserIsAbleTocreateExpenseRecord()[pri:0, instance:com.obsqura.tests.ExpenseRecordTest@4470fbd6]" started-at="2024-03-19T20:27:49 IST" name="verifyUserIsAbleTocreateExpenseRecord" description="OBS123" finished-at="2024-03-19T20:28:05 IST" duration-ms="16179" status="PASS">
          <reporter-output>
          </reporter-output>
        </test-method> <!-- verifyUserIsAbleTocreateExpenseRecord -->
        <test-method is-config="true" signature="tearDown()[pri:0, instance:com.obsqura.tests.ExpenseRecordTest@4470fbd6]" started-at="2024-03-19T20:28:05 IST" name="tearDown" finished-at="2024-03-19T20:28:06 IST" duration-ms="1151" status="PASS">
          <reporter-output>
          </reporter-output>
        </test-method> <!-- tearDown -->
      </class> <!-- com.obsqura.tests.ExpenseRecordTest -->
    </test> <!-- ExpenseRecordTest -->
    <test started-at="2024-03-19T20:27:31 IST" name="CreateNewsTest" finished-at="2024-03-19T20:28:06 IST" duration-ms="35701">
      <class name="com.obsqura.tests.CreateNewsTest">
        <test-method is-config="true" signature="initDriver(java.lang.String)[pri:0, instance:com.obsqura.tests.CreateNewsTest@5e3f861]" started-at="2024-03-19T20:27:31 IST" name="initDriver" finished-at="2024-03-19T20:27:39 IST" duration-ms="8558" status="PASS">
          <params>
            <param index="0">
              <value is-null="true"/>
            </param>
          </params>
          <reporter-output>
          </reporter-output>
        </test-method> <!-- initDriver -->
        <test-method retried="true" signature="createNews()[pri:0, instance:com.obsqura.tests.CreateNewsTest@5e3f861]" started-at="2024-03-19T20:27:39 IST" name="createNews" finished-at="2024-03-19T20:27:50 IST" duration-ms="10779" status="SKIP">
          <exception class="java.lang.AssertionError">
            <message>
              <![CDATA[expected [News Created ] but found [News Created Successfully]]]>
            </message>
            <full-stacktrace>
              <![CDATA[java.lang.AssertionError: expected [News Created ] but found [News Created Successfully]
at org.testng.Assert.fail(Assert.java:110)
at org.testng.Assert.failNotEquals(Assert.java:1577)
at org.testng.Assert.assertEqualsImpl(Assert.java:149)
at org.testng.Assert.assertEquals(Assert.java:131)
at org.testng.Assert.assertEquals(Assert.java:655)
at org.testng.Assert.assertEquals(Assert.java:665)
at com.obsqura.tests.CreateNewsTest.createNews(CreateNewsTest.java:16)
at java.base/jdk.internal.reflect.NativeMethodAccessorImpl.invoke0(Native Method)
at java.base/jdk.internal.reflect.NativeMethodAccessorImpl.invoke(NativeMethodAccessorImpl.java:77)
at java.base/jdk.internal.reflect.DelegatingMethodAccessorImpl.invoke(DelegatingMethodAccessorImpl.java:43)
at java.base/java.lang.reflect.Method.invoke(Method.java:568)
at org.testng.internal.invokers.MethodInvocationHelper.invokeMethod(MethodInvocationHelper.java:139)
at org.testng.internal.invokers.TestInvoker.invokeMethod(TestInvoker.java:677)
at org.testng.internal.invokers.TestInvoker.invokeTestMethod(TestInvoker.java:221)
at org.testng.internal.invokers.MethodRunner.runInSequence(MethodRunner.java:50)
at org.testng.internal.invokers.TestInvoker$MethodInvocationAgent.invoke(TestInvoker.java:969)
at org.testng.internal.invokers.TestInvoker.invokeTestMethods(TestInvoker.java:194)
at org.testng.internal.invokers.TestMethodWorker.invokeTestMethods(TestMethodWorker.java:148)
at org.testng.internal.invokers.TestMethodWorker.run(TestMethodWorker.java:128)
at java.base/java.util.ArrayList.forEach(ArrayList.java:1511)
at org.testng.TestRunner.privateRun(TestRunner.java:829)
at org.testng.TestRunner.run(TestRunner.java:602)
at org.testng.SuiteRunner.runTest(SuiteRunner.java:437)
at org.testng.SuiteRunner$SuiteWorker.run(SuiteRunner.java:475)
at org.testng.internal.thread.ThreadUtil.lambda$execute$0(ThreadUtil.java:58)
at java.base/java.util.concurrent.FutureTask.run(FutureTask.java:264)
at java.base/java.util.concurrent.ThreadPoolExecutor.runWorker(ThreadPoolExecutor.java:1136)
at java.base/java.util.concurrent.ThreadPoolExecutor$Worker.run(ThreadPoolExecutor.java:635)
at java.base/java.lang.Thread.run(Thread.java:842)
]]>
            </full-stacktrace>
          </exception> <!-- java.lang.AssertionError -->
          <reporter-output>
          </reporter-output>
        </test-method> <!-- createNews -->
        <test-method is-config="true" signature="tearDown()[pri:0, instance:com.obsqura.tests.CreateNewsTest@5e3f861]" started-at="2024-03-19T20:27:50 IST" name="tearDown" finished-at="2024-03-19T20:27:51 IST" duration-ms="1110" status="PASS">
          <reporter-output>
          </reporter-output>
        </test-method> <!-- tearDown -->
        <test-method is-config="true" signature="initDriver(java.lang.String)[pri:0, instance:com.obsqura.tests.CreateNewsTest@5e3f861]" started-at="2024-03-19T20:27:51 IST" name="initDriver" finished-at="2024-03-19T20:27:58 IST" duration-ms="6668" status="PASS">
          <params>
            <param index="0">
              <value is-null="true"/>
            </param>
          </params>
          <reporter-output>
          </reporter-output>
        </test-method> <!-- initDriver -->
        <test-method signature="createNews()[pri:0, instance:com.obsqura.tests.CreateNewsTest@5e3f861]" started-at="2024-03-19T20:27:58 IST" name="createNews" finished-at="2024-03-19T20:28:04 IST" duration-ms="6246" status="FAIL">
          <exception class="java.lang.AssertionError">
            <message>
              <![CDATA[expected [News Created ] but found [News Created Successfully]]]>
            </message>
            <full-stacktrace>
              <![CDATA[java.lang.AssertionError: expected [News Created ] but found [News Created Successfully]
at org.testng.Assert.fail(Assert.java:110)
at org.testng.Assert.failNotEquals(Assert.java:1577)
at org.testng.Assert.assertEqualsImpl(Assert.java:149)
at org.testng.Assert.assertEquals(Assert.java:131)
at org.testng.Assert.assertEquals(Assert.java:655)
at org.testng.Assert.assertEquals(Assert.java:665)
at com.obsqura.tests.CreateNewsTest.createNews(CreateNewsTest.java:16)
at java.base/jdk.internal.reflect.NativeMethodAccessorImpl.invoke0(Native Method)
at java.base/jdk.internal.reflect.NativeMethodAccessorImpl.invoke(NativeMethodAccessorImpl.java:77)
at java.base/jdk.internal.reflect.DelegatingMethodAccessorImpl.invoke(DelegatingMethodAccessorImpl.java:43)
at java.base/java.lang.reflect.Method.invoke(Method.java:568)
at org.testng.internal.invokers.MethodInvocationHelper.invokeMethod(MethodInvocationHelper.java:139)
at org.testng.internal.invokers.TestInvoker.invokeMethod(TestInvoker.java:677)
at org.testng.internal.invokers.TestInvoker.retryFailed(TestInvoker.java:263)
at org.testng.internal.invokers.MethodRunner.runInSequence(MethodRunner.java:62)
at org.testng.internal.invokers.TestInvoker$MethodInvocationAgent.invoke(TestInvoker.java:969)
at org.testng.internal.invokers.TestInvoker.invokeTestMethods(TestInvoker.java:194)
at org.testng.internal.invokers.TestMethodWorker.invokeTestMethods(TestMethodWorker.java:148)
at org.testng.internal.invokers.TestMethodWorker.run(TestMethodWorker.java:128)
at java.base/java.util.ArrayList.forEach(ArrayList.java:1511)
at org.testng.TestRunner.privateRun(TestRunner.java:829)
at org.testng.TestRunner.run(TestRunner.java:602)
at org.testng.SuiteRunner.runTest(SuiteRunner.java:437)
at org.testng.SuiteRunner$SuiteWorker.run(SuiteRunner.java:475)
at org.testng.internal.thread.ThreadUtil.lambda$execute$0(ThreadUtil.java:58)
at java.base/java.util.concurrent.FutureTask.run(FutureTask.java:264)
at java.base/java.util.concurrent.ThreadPoolExecutor.runWorker(ThreadPoolExecutor.java:1136)
at java.base/java.util.concurrent.ThreadPoolExecutor$Worker.run(ThreadPoolExecutor.java:635)
at java.base/java.lang.Thread.run(Thread.java:842)
]]>
            </full-stacktrace>
          </exception> <!-- java.lang.AssertionError -->
          <reporter-output>
          </reporter-output>
        </test-method> <!-- createNews -->
        <test-method is-config="true" signature="tearDown()[pri:0, instance:com.obsqura.tests.CreateNewsTest@5e3f861]" started-at="2024-03-19T20:28:04 IST" name="tearDown" finished-at="2024-03-19T20:28:06 IST" duration-ms="1929" status="PASS">
          <reporter-output>
          </reporter-output>
        </test-method> <!-- tearDown -->
      </class> <!-- com.obsqura.tests.CreateNewsTest -->
    </test> <!-- CreateNewsTest -->
    <test started-at="2024-03-19T20:27:31 IST" name="CreateDeliveryBoyTest" finished-at="2024-03-19T20:28:07 IST" duration-ms="36279">
      <class name="com.obsqura.tests.CreateDeliveryBoyTest">
        <test-method is-config="true" signature="initDriver(java.lang.String)[pri:0, instance:com.obsqura.tests.CreateDeliveryBoyTest@3b35a229]" started-at="2024-03-19T20:27:31 IST" name="initDriver" finished-at="2024-03-19T20:27:38 IST" duration-ms="7784" status="PASS">
          <params>
            <param index="0">
              <value is-null="true"/>
            </param>
          </params>
          <reporter-output>
          </reporter-output>
        </test-method> <!-- initDriver -->
        <test-method signature="createDeliveryBoy(java.lang.String,java.lang.String,java.lang.String)[pri:0, instance:com.obsqura.tests.CreateDeliveryBoyTest@3b35a229]" started-at="2024-03-19T20:27:38 IST" name="createDeliveryBoy" data-provider="getData" finished-at="2024-03-19T20:27:49 IST" duration-ms="11003" status="PASS">
          <params>
            <param index="0">
              <value>
                <![CDATA[Nisyy]]>
              </value>
            </param>
            <param index="1">
              <value>
                <![CDATA[user694340717]]>
              </value>
            </param>
            <param index="2">
              <value>
                <![CDATA[837641956]]>
              </value>
            </param>
          </params>
          <reporter-output>
          </reporter-output>
        </test-method> <!-- createDeliveryBoy -->
        <test-method is-config="true" signature="tearDown()[pri:0, instance:com.obsqura.tests.CreateDeliveryBoyTest@3b35a229]" started-at="2024-03-19T20:27:49 IST" name="tearDown" finished-at="2024-03-19T20:27:51 IST" duration-ms="1641" status="PASS">
          <reporter-output>
          </reporter-output>
        </test-method> <!-- tearDown -->
        <test-method is-config="true" signature="initDriver(java.lang.String)[pri:0, instance:com.obsqura.tests.CreateDeliveryBoyTest@3b35a229]" started-at="2024-03-19T20:27:51 IST" name="initDriver" finished-at="2024-03-19T20:27:58 IST" duration-ms="6390" status="PASS">
          <params>
            <param index="0">
              <value is-null="true"/>
            </param>
          </params>
          <reporter-output>
          </reporter-output>
        </test-method> <!-- initDriver -->
        <test-method signature="createDeliveryBoy(java.lang.String,java.lang.String,java.lang.String)[pri:0, instance:com.obsqura.tests.CreateDeliveryBoyTest@3b35a229]" started-at="2024-03-19T20:27:58 IST" name="createDeliveryBoy" data-provider="getData" finished-at="2024-03-19T20:28:06 IST" duration-ms="8698" status="PASS">
          <params>
            <param index="0">
              <value>
                <![CDATA[Remya]]>
              </value>
            </param>
            <param index="1">
              <value>
                <![CDATA[user626417120]]>
              </value>
            </param>
            <param index="2">
              <value>
                <![CDATA[793096332]]>
              </value>
            </param>
          </params>
          <reporter-output>
          </reporter-output>
        </test-method> <!-- createDeliveryBoy -->
        <test-method is-config="true" signature="tearDown()[pri:0, instance:com.obsqura.tests.CreateDeliveryBoyTest@3b35a229]" started-at="2024-03-19T20:28:06 IST" name="tearDown" finished-at="2024-03-19T20:28:07 IST" duration-ms="717" status="PASS">
          <reporter-output>
          </reporter-output>
        </test-method> <!-- tearDown -->
      </class> <!-- com.obsqura.tests.CreateDeliveryBoyTest -->
    </test> <!-- CreateDeliveryBoyTest -->
    <test started-at="2024-03-19T20:27:31 IST" name="AdminTest" finished-at="2024-03-19T20:28:07 IST" duration-ms="36393">
      <class name="com.obsqura.tests.AdminTest">
        <test-method is-config="true" signature="initDriver(java.lang.String)[pri:0, instance:com.obsqura.tests.AdminTest@642a7222]" started-at="2024-03-19T20:27:31 IST" name="initDriver" finished-at="2024-03-19T20:27:38 IST" duration-ms="7040" status="PASS">
          <params>
            <param index="0">
              <value is-null="true"/>
            </param>
          </params>
          <reporter-output>
          </reporter-output>
        </test-method> <!-- initDriver -->
        <test-method retried="true" signature="createAdmin()[pri:0, instance:com.obsqura.tests.AdminTest@642a7222]" started-at="2024-03-19T20:27:38 IST" name="createAdmin" finished-at="2024-03-19T20:27:47 IST" duration-ms="8826" status="SKIP">
          <exception class="java.lang.AssertionError">
            <message>
              <![CDATA[expected [User Created ] but found [User Created Successfully]]]>
            </message>
            <full-stacktrace>
              <![CDATA[java.lang.AssertionError: expected [User Created ] but found [User Created Successfully]
at org.testng.Assert.fail(Assert.java:110)
at org.testng.Assert.failNotEquals(Assert.java:1577)
at org.testng.Assert.assertEqualsImpl(Assert.java:149)
at org.testng.Assert.assertEquals(Assert.java:131)
at org.testng.Assert.assertEquals(Assert.java:655)
at org.testng.Assert.assertEquals(Assert.java:665)
at com.obsqura.tests.AdminTest.createAdmin(AdminTest.java:25)
at java.base/jdk.internal.reflect.NativeMethodAccessorImpl.invoke0(Native Method)
at java.base/jdk.internal.reflect.NativeMethodAccessorImpl.invoke(NativeMethodAccessorImpl.java:77)
at java.base/jdk.internal.reflect.DelegatingMethodAccessorImpl.invoke(DelegatingMethodAccessorImpl.java:43)
at java.base/java.lang.reflect.Method.invoke(Method.java:568)
at org.testng.internal.invokers.MethodInvocationHelper.invokeMethod(MethodInvocationHelper.java:139)
at org.testng.internal.invokers.TestInvoker.invokeMethod(TestInvoker.java:677)
at org.testng.internal.invokers.TestInvoker.invokeTestMethod(TestInvoker.java:221)
at org.testng.internal.invokers.MethodRunner.runInSequence(MethodRunner.java:50)
at org.testng.internal.invokers.TestInvoker$MethodInvocationAgent.invoke(TestInvoker.java:969)
at org.testng.internal.invokers.TestInvoker.invokeTestMethods(TestInvoker.java:194)
at org.testng.internal.invokers.TestMethodWorker.invokeTestMethods(TestMethodWorker.java:148)
at org.testng.internal.invokers.TestMethodWorker.run(TestMethodWorker.java:128)
at java.base/java.util.ArrayList.forEach(ArrayList.java:1511)
at org.testng.TestRunner.privateRun(TestRunner.java:829)
at org.testng.TestRunner.run(TestRunner.java:602)
at org.testng.SuiteRunner.runTest(SuiteRunner.java:437)
at org.testng.SuiteRunner$SuiteWorker.run(SuiteRunner.java:475)
at org.testng.internal.thread.ThreadUtil.lambda$execute$0(ThreadUtil.java:58)
at java.base/java.util.concurrent.FutureTask.run(FutureTask.java:264)
at java.base/java.util.concurrent.ThreadPoolExecutor.runWorker(ThreadPoolExecutor.java:1136)
at java.base/java.util.concurrent.ThreadPoolExecutor$Worker.run(ThreadPoolExecutor.java:635)
at java.base/java.lang.Thread.run(Thread.java:842)
]]>
            </full-stacktrace>
          </exception> <!-- java.lang.AssertionError -->
          <reporter-output>
          </reporter-output>
        </test-method> <!-- createAdmin -->
        <test-method is-config="true" signature="tearDown()[pri:0, instance:com.obsqura.tests.AdminTest@642a7222]" started-at="2024-03-19T20:27:47 IST" name="tearDown" finished-at="2024-03-19T20:27:50 IST" duration-ms="3390" status="PASS">
          <reporter-output>
          </reporter-output>
        </test-method> <!-- tearDown -->
        <test-method is-config="true" signature="initDriver(java.lang.String)[pri:0, instance:com.obsqura.tests.AdminTest@642a7222]" started-at="2024-03-19T20:27:50 IST" name="initDriver" finished-at="2024-03-19T20:27:55 IST" duration-ms="5006" status="PASS">
          <params>
            <param index="0">
              <value is-null="true"/>
            </param>
          </params>
          <reporter-output>
          </reporter-output>
        </test-method> <!-- initDriver -->
        <test-method signature="createAdmin()[pri:0, instance:com.obsqura.tests.AdminTest@642a7222]" started-at="2024-03-19T20:27:55 IST" name="createAdmin" finished-at="2024-03-19T20:28:06 IST" duration-ms="11251" status="FAIL">
          <exception class="java.lang.AssertionError">
            <message>
              <![CDATA[expected [User Created ] but found [User Created Successfully]]]>
            </message>
            <full-stacktrace>
              <![CDATA[java.lang.AssertionError: expected [User Created ] but found [User Created Successfully]
at org.testng.Assert.fail(Assert.java:110)
at org.testng.Assert.failNotEquals(Assert.java:1577)
at org.testng.Assert.assertEqualsImpl(Assert.java:149)
at org.testng.Assert.assertEquals(Assert.java:131)
at org.testng.Assert.assertEquals(Assert.java:655)
at org.testng.Assert.assertEquals(Assert.java:665)
at com.obsqura.tests.AdminTest.createAdmin(AdminTest.java:25)
at java.base/jdk.internal.reflect.NativeMethodAccessorImpl.invoke0(Native Method)
at java.base/jdk.internal.reflect.NativeMethodAccessorImpl.invoke(NativeMethodAccessorImpl.java:77)
at java.base/jdk.internal.reflect.DelegatingMethodAccessorImpl.invoke(DelegatingMethodAccessorImpl.java:43)
at java.base/java.lang.reflect.Method.invoke(Method.java:568)
at org.testng.internal.invokers.MethodInvocationHelper.invokeMethod(MethodInvocationHelper.java:139)
at org.testng.internal.invokers.TestInvoker.invokeMethod(TestInvoker.java:677)
at org.testng.internal.invokers.TestInvoker.retryFailed(TestInvoker.java:263)
at org.testng.internal.invokers.MethodRunner.runInSequence(MethodRunner.java:62)
at org.testng.internal.invokers.TestInvoker$MethodInvocationAgent.invoke(TestInvoker.java:969)
at org.testng.internal.invokers.TestInvoker.invokeTestMethods(TestInvoker.java:194)
at org.testng.internal.invokers.TestMethodWorker.invokeTestMethods(TestMethodWorker.java:148)
at org.testng.internal.invokers.TestMethodWorker.run(TestMethodWorker.java:128)
at java.base/java.util.ArrayList.forEach(ArrayList.java:1511)
at org.testng.TestRunner.privateRun(TestRunner.java:829)
at org.testng.TestRunner.run(TestRunner.java:602)
at org.testng.SuiteRunner.runTest(SuiteRunner.java:437)
at org.testng.SuiteRunner$SuiteWorker.run(SuiteRunner.java:475)
at org.testng.internal.thread.ThreadUtil.lambda$execute$0(ThreadUtil.java:58)
at java.base/java.util.concurrent.FutureTask.run(FutureTask.java:264)
at java.base/java.util.concurrent.ThreadPoolExecutor.runWorker(ThreadPoolExecutor.java:1136)
at java.base/java.util.concurrent.ThreadPoolExecutor$Worker.run(ThreadPoolExecutor.java:635)
at java.base/java.lang.Thread.run(Thread.java:842)
]]>
            </full-stacktrace>
          </exception> <!-- java.lang.AssertionError -->
          <reporter-output>
          </reporter-output>
        </test-method> <!-- createAdmin -->
        <test-method is-config="true" signature="tearDown()[pri:0, instance:com.obsqura.tests.AdminTest@642a7222]" started-at="2024-03-19T20:28:07 IST" name="tearDown" finished-at="2024-03-19T20:28:07 IST" duration-ms="543" status="PASS">
          <reporter-output>
          </reporter-output>
        </test-method> <!-- tearDown -->
      </class> <!-- com.obsqura.tests.AdminTest -->
    </test> <!-- AdminTest -->
  </suite> <!-- Suite -->
</testng-results>
